<?xml version="1.0" encoding="UTF-8"?>
<testng-results ignored="0" total="8" passed="8" failed="0" skipped="0">
  <reporter-output>
  </reporter-output>
  <suite started-at="2022-10-28T12:34:40 IST" name="Default suite" finished-at="2022-10-28T12:35:35 IST" duration-ms="54758">
    <groups>
      <group name="cucumber">
        <method signature="AbstractTestNGCucumberTests.runScenario(io.cucumber.testng.PickleWrapper,io.cucumber.testng.FeatureWrapper)[pri:0, instance:testcases.Runner@5f058f00]" name="runScenario" class="io.cucumber.testng.AbstractTestNGCucumberTests"/>
      </group> <!-- cucumber -->
    </groups>
    <test started-at="2022-10-28T12:34:40 IST" name="Default test" finished-at="2022-10-28T12:35:35 IST" duration-ms="54758">
      <class name="testcases.Runner">
        <test-method is-config="true" signature="setUpClass()[pri:0, instance:testcases.Runner@5f058f00]" started-at="2022-10-28T12:34:40 IST" name="setUpClass" finished-at="2022-10-28T12:34:40 IST" duration-ms="421" status="PASS">
          <reporter-output>
          </reporter-output>
        </test-method> <!-- setUpClass -->
        <test-method is-config="true" signature="preCondition()[pri:0, instance:testcases.Runner@5f058f00]" started-at="2022-10-28T12:34:40 IST" name="preCondition" finished-at="2022-10-28T12:34:59 IST" duration-ms="18302" status="PASS">
          <reporter-output>
          </reporter-output>
        </test-method> <!-- preCondition -->
        <test-method is-config="true" signature="preCondition()[pri:0, instance:testcases.Runner@5f058f00]" started-at="2022-10-28T12:34:40 IST" name="preCondition" finished-at="2022-10-28T12:34:50 IST" duration-ms="10060" status="PASS">
          <reporter-output>
          </reporter-output>
        </test-method> <!-- preCondition -->
        <test-method is-config="true" signature="preCondition()[pri:0, instance:testcases.Runner@5f058f00]" started-at="2022-10-28T12:34:40 IST" name="preCondition" finished-at="2022-10-28T12:34:50 IST" duration-ms="9900" status="PASS">
          <reporter-output>
          </reporter-output>
        </test-method> <!-- preCondition -->
        <test-method is-config="true" signature="preCondition()[pri:0, instance:testcases.Runner@5f058f00]" started-at="2022-10-28T12:34:40 IST" name="preCondition" finished-at="2022-10-28T12:34:54 IST" duration-ms="13818" status="PASS">
          <reporter-output>
          </reporter-output>
        </test-method> <!-- preCondition -->
        <test-method is-config="true" signature="preCondition()[pri:0, instance:testcases.Runner@5f058f00]" started-at="2022-10-28T12:34:40 IST" name="preCondition" finished-at="2022-10-28T12:34:54 IST" duration-ms="13870" status="PASS">
          <reporter-output>
          </reporter-output>
        </test-method> <!-- preCondition -->
        <test-method is-config="true" signature="preCondition()[pri:0, instance:testcases.Runner@5f058f00]" started-at="2022-10-28T12:34:40 IST" name="preCondition" finished-at="2022-10-28T12:34:58 IST" duration-ms="18032" status="PASS">
          <reporter-output>
          </reporter-output>
        </test-method> <!-- preCondition -->
        <test-method is-config="true" signature="preCondition()[pri:0, instance:testcases.Runner@5f058f00]" started-at="2022-10-28T12:34:40 IST" name="preCondition" finished-at="2022-10-28T12:34:58 IST" duration-ms="17821" status="PASS">
          <reporter-output>
          </reporter-output>
        </test-method> <!-- preCondition -->
        <test-method is-config="true" signature="preCondition()[pri:0, instance:testcases.Runner@5f058f00]" started-at="2022-10-28T12:34:40 IST" name="preCondition" finished-at="2022-10-28T12:35:00 IST" duration-ms="19374" status="PASS">
          <reporter-output>
          </reporter-output>
        </test-method> <!-- preCondition -->
        <test-method signature="runScenario(io.cucumber.testng.PickleWrapper,io.cucumber.testng.FeatureWrapper)[pri:0, instance:testcases.Runner@5f058f00]" started-at="2022-10-28T12:34:50 IST" name="runScenario" description="Runs Cucumber Scenarios" data-provider="scenarios" finished-at="2022-10-28T12:34:58 IST" duration-ms="8039" status="PASS">
          <params>
            <param index="0">
              <value>
                <![CDATA["As a Gym Owner/ Gym Staff I want to login to portal with Invalid credential"]]>
              </value>
            </param>
            <param index="1">
              <value>
                <![CDATA["Optional[Login Feature]"]]>
              </value>
            </param>
          </params>
          <reporter-output>
          </reporter-output>
        </test-method> <!-- runScenario -->
        <test-method signature="runScenario(io.cucumber.testng.PickleWrapper,io.cucumber.testng.FeatureWrapper)[pri:0, instance:testcases.Runner@5f058f00]" started-at="2022-10-28T12:34:50 IST" name="runScenario" description="Runs Cucumber Scenarios" data-provider="scenarios" finished-at="2022-10-28T12:34:58 IST" duration-ms="7945" status="PASS">
          <params>
            <param index="0">
              <value>
                <![CDATA["As a Gym Owner/ Gym Staff I want to login to portal with valid credential"]]>
              </value>
            </param>
            <param index="1">
              <value>
                <![CDATA["Optional[Login Feature]"]]>
              </value>
            </param>
          </params>
          <reporter-output>
          </reporter-output>
        </test-method> <!-- runScenario -->
        <test-method signature="runScenario(io.cucumber.testng.PickleWrapper,io.cucumber.testng.FeatureWrapper)[pri:0, instance:testcases.Runner@5f058f00]" started-at="2022-10-28T12:34:54 IST" name="runScenario" description="Runs Cucumber Scenarios" data-provider="scenarios" finished-at="2022-10-28T12:35:22 IST" duration-ms="27957" status="PASS">
          <params>
            <param index="0">
              <value>
                <![CDATA["As a Gym Owner/ Gym Staff I will be able to read my auto populated personal details under general settings so that I can update it as per my requirement"]]>
              </value>
            </param>
            <param index="1">
              <value>
                <![CDATA["Optional[Personal Details Feature]"]]>
              </value>
            </param>
          </params>
          <reporter-output>
          </reporter-output>
        </test-method> <!-- runScenario -->
        <test-method signature="runScenario(io.cucumber.testng.PickleWrapper,io.cucumber.testng.FeatureWrapper)[pri:0, instance:testcases.Runner@5f058f00]" started-at="2022-10-28T12:34:54 IST" name="runScenario" description="Runs Cucumber Scenarios" data-provider="scenarios" finished-at="2022-10-28T12:35:20 IST" duration-ms="25650" status="PASS">
          <params>
            <param index="0">
              <value>
                <![CDATA["As a Gym Owner I will be able to view & update the Basic settings so that I can save the new data"]]>
              </value>
            </param>
            <param index="1">
              <value>
                <![CDATA["Optional[Personal Details Feature]"]]>
              </value>
            </param>
          </params>
          <reporter-output>
          </reporter-output>
        </test-method> <!-- runScenario -->
        <test-method signature="runScenario(io.cucumber.testng.PickleWrapper,io.cucumber.testng.FeatureWrapper)[pri:0, instance:testcases.Runner@5f058f00]" started-at="2022-10-28T12:34:58 IST" name="runScenario" description="Runs Cucumber Scenarios" data-provider="scenarios" finished-at="2022-10-28T12:35:24 IST" duration-ms="26178" status="PASS">
          <params>
            <param index="0">
              <value>
                <![CDATA["As a Gym Owner I will be able to view & update the Basic settings so that I can save the new data"]]>
              </value>
            </param>
            <param index="1">
              <value>
                <![CDATA["Optional[Personal Details Feature]"]]>
              </value>
            </param>
          </params>
          <reporter-output>
          </reporter-output>
        </test-method> <!-- runScenario -->
        <test-method is-config="true" signature="postCondition()[pri:0, instance:testcases.Runner@5f058f00]" started-at="2022-10-28T12:34:58 IST" name="postCondition" finished-at="2022-10-28T12:35:07 IST" duration-ms="8295" status="PASS">
          <reporter-output>
          </reporter-output>
        </test-method> <!-- postCondition -->
        <test-method is-config="true" signature="postCondition()[pri:0, instance:testcases.Runner@5f058f00]" started-at="2022-10-28T12:34:58 IST" name="postCondition" finished-at="2022-10-28T12:35:07 IST" duration-ms="8256" status="PASS">
          <reporter-output>
          </reporter-output>
        </test-method> <!-- postCondition -->
        <test-method signature="runScenario(io.cucumber.testng.PickleWrapper,io.cucumber.testng.FeatureWrapper)[pri:0, instance:testcases.Runner@5f058f00]" started-at="2022-10-28T12:34:58 IST" name="runScenario" description="Runs Cucumber Scenarios" data-provider="scenarios" finished-at="2022-10-28T12:35:26 IST" duration-ms="27170" status="PASS">
          <params>
            <param index="0">
              <value>
                <![CDATA["As a Gym Owner/ Gym Staff I will be able to read my auto populated personal details under general settings so that I can update it as per my requirement"]]>
              </value>
            </param>
            <param index="1">
              <value>
                <![CDATA["Optional[Personal Details Feature]"]]>
              </value>
            </param>
          </params>
          <reporter-output>
          </reporter-output>
        </test-method> <!-- runScenario -->
        <test-method signature="runScenario(io.cucumber.testng.PickleWrapper,io.cucumber.testng.FeatureWrapper)[pri:0, instance:testcases.Runner@5f058f00]" started-at="2022-10-28T12:34:59 IST" name="runScenario" description="Runs Cucumber Scenarios" data-provider="scenarios" finished-at="2022-10-28T12:35:07 IST" duration-ms="7887" status="PASS">
          <params>
            <param index="0">
              <value>
                <![CDATA["As a Gym Owner/ Gym Staff I want to login to portal with valid credential"]]>
              </value>
            </param>
            <param index="1">
              <value>
                <![CDATA["Optional[Login Feature]"]]>
              </value>
            </param>
          </params>
          <reporter-output>
          </reporter-output>
        </test-method> <!-- runScenario -->
        <test-method signature="runScenario(io.cucumber.testng.PickleWrapper,io.cucumber.testng.FeatureWrapper)[pri:0, instance:testcases.Runner@5f058f00]" started-at="2022-10-28T12:35:00 IST" name="runScenario" description="Runs Cucumber Scenarios" data-provider="scenarios" finished-at="2022-10-28T12:35:07 IST" duration-ms="7489" status="PASS">
          <params>
            <param index="0">
              <value>
                <![CDATA["As a Gym Owner/ Gym Staff I want to login to portal with Invalid credential"]]>
              </value>
            </param>
            <param index="1">
              <value>
                <![CDATA["Optional[Login Feature]"]]>
              </value>
            </param>
          </params>
          <reporter-output>
          </reporter-output>
        </test-method> <!-- runScenario -->
        <test-method is-config="true" signature="postCondition()[pri:0, instance:testcases.Runner@5f058f00]" started-at="2022-10-28T12:35:07 IST" name="postCondition" finished-at="2022-10-28T12:35:15 IST" duration-ms="8123" status="PASS">
          <reporter-output>
          </reporter-output>
        </test-method> <!-- postCondition -->
        <test-method is-config="true" signature="postCondition()[pri:0, instance:testcases.Runner@5f058f00]" started-at="2022-10-28T12:35:07 IST" name="postCondition" finished-at="2022-10-28T12:35:15 IST" duration-ms="8159" status="PASS">
          <reporter-output>
          </reporter-output>
        </test-method> <!-- postCondition -->
        <test-method is-config="true" signature="postCondition()[pri:0, instance:testcases.Runner@5f058f00]" started-at="2022-10-28T12:35:20 IST" name="postCondition" finished-at="2022-10-28T12:35:28 IST" duration-ms="8181" status="PASS">
          <reporter-output>
          </reporter-output>
        </test-method> <!-- postCondition -->
        <test-method is-config="true" signature="postCondition()[pri:0, instance:testcases.Runner@5f058f00]" started-at="2022-10-28T12:35:22 IST" name="postCondition" finished-at="2022-10-28T12:35:30 IST" duration-ms="8083" status="PASS">
          <reporter-output>
          </reporter-output>
        </test-method> <!-- postCondition -->
        <test-method is-config="true" signature="postCondition()[pri:0, instance:testcases.Runner@5f058f00]" started-at="2022-10-28T12:35:24 IST" name="postCondition" finished-at="2022-10-28T12:35:32 IST" duration-ms="8097" status="PASS">
          <reporter-output>
          </reporter-output>
        </test-method> <!-- postCondition -->
        <test-method is-config="true" signature="postCondition()[pri:0, instance:testcases.Runner@5f058f00]" started-at="2022-10-28T12:35:26 IST" name="postCondition" finished-at="2022-10-28T12:35:34 IST" duration-ms="8075" status="PASS">
          <reporter-output>
          </reporter-output>
        </test-method> <!-- postCondition -->
        <test-method is-config="true" signature="tearDownClass()[pri:0, instance:testcases.Runner@5f058f00]" started-at="2022-10-28T12:35:34 IST" name="tearDownClass" finished-at="2022-10-28T12:35:35 IST" duration-ms="1025" status="PASS">
          <reporter-output>
          </reporter-output>
        </test-method> <!-- tearDownClass -->
      </class> <!-- testcases.Runner -->
    </test> <!-- Default test -->
  </suite> <!-- Default suite -->
</testng-results>
