<?xml version="1.0" encoding="UTF-8"?>
<testng-results ignored="0" total="1" passed="1" failed="0" skipped="0">
  <reporter-output>
  </reporter-output>
  <suite started-at="2022-10-17T12:21:22 IST" name="Suite" finished-at="2022-10-17T12:21:41 IST" duration-ms="19006">
    <groups>
      <group name="cucumber">
        <method signature="AbstractTestNGCucumberTests.runScenario(io.cucumber.testng.PickleWrapper,io.cucumber.testng.FeatureWrapper)[pri:0, instance:redbeltgym.testcases.LoginSuccess@76505305]" name="runScenario" class="io.cucumber.testng.AbstractTestNGCucumberTests"/>
      </group> <!-- cucumber -->
    </groups>
    <test started-at="2022-10-17T12:21:22 IST" name="Test" finished-at="2022-10-17T12:21:41 IST" duration-ms="19006">
      <class name="redbeltgym.testcases.LoginSuccess">
        <test-method is-config="true" signature="startReport()[pri:0, instance:redbeltgym.testcases.LoginSuccess@76505305]" started-at="2022-10-17T12:21:22 IST" name="startReport" finished-at="2022-10-17T12:21:22 IST" duration-ms="97" status="PASS">
          <reporter-output>
          </reporter-output>
        </test-method> <!-- startReport -->
        <test-method is-config="true" signature="setValues()[pri:0, instance:redbeltgym.testcases.LoginSuccess@76505305]" started-at="2022-10-17T12:21:22 IST" name="setValues" finished-at="2022-10-17T12:21:22 IST" duration-ms="0" status="PASS">
          <reporter-output>
          </reporter-output>
        </test-method> <!-- setValues -->
        <test-method is-config="true" signature="setUpClass()[pri:0, instance:redbeltgym.testcases.LoginSuccess@76505305]" started-at="2022-10-17T12:21:22 IST" name="setUpClass" finished-at="2022-10-17T12:21:22 IST" duration-ms="91" status="PASS">
          <reporter-output>
          </reporter-output>
        </test-method> <!-- setUpClass -->
        <test-method is-config="true" signature="report()[pri:0, instance:redbeltgym.testcases.LoginSuccess@76505305]" started-at="2022-10-17T12:21:22 IST" name="report" finished-at="2022-10-17T12:21:22 IST" duration-ms="3" status="PASS">
          <reporter-output>
          </reporter-output>
        </test-method> <!-- report -->
        <test-method is-config="true" signature="beforeMethod()[pri:0, instance:redbeltgym.testcases.LoginSuccess@76505305]" started-at="2022-10-17T12:21:22 IST" name="beforeMethod" finished-at="2022-10-17T12:21:28 IST" duration-ms="5978" status="PASS">
          <reporter-output>
          </reporter-output>
        </test-method> <!-- beforeMethod -->
        <test-method signature="logInPass(java.lang.String,java.lang.String,java.lang.String)[pri:0, instance:redbeltgym.testcases.LoginSuccess@76505305]" started-at="2022-10-17T12:21:28 IST" name="logInPass" data-provider="fetchData" finished-at="2022-10-17T12:21:36 IST" duration-ms="7516" status="PASS">
          <params>
            <param index="0">
              <value>
                <![CDATA[test-adi@tier5.in]]>
              </value>
            </param>
            <param index="1">
              <value>
                <![CDATA[123456]]>
              </value>
            </param>
            <param index="2">
              <value>
                <![CDATA[dashboard]]>
              </value>
            </param>
          </params>
          <reporter-output>
          </reporter-output>
        </test-method> <!-- logInPass -->
        <test-method is-config="true" signature="afterMethod()[pri:0, instance:redbeltgym.testcases.LoginSuccess@76505305]" started-at="2022-10-17T12:21:36 IST" name="afterMethod" finished-at="2022-10-17T12:21:41 IST" duration-ms="5080" status="PASS">
          <reporter-output>
          </reporter-output>
        </test-method> <!-- afterMethod -->
        <test-method is-config="true" signature="tearDownClass()[pri:0, instance:redbeltgym.testcases.LoginSuccess@76505305]" started-at="2022-10-17T12:21:41 IST" name="tearDownClass" finished-at="2022-10-17T12:21:41 IST" duration-ms="12" status="PASS">
          <reporter-output>
          </reporter-output>
        </test-method> <!-- tearDownClass -->
        <test-method is-config="true" signature="stopReport()[pri:0, instance:redbeltgym.testcases.LoginSuccess@76505305]" started-at="2022-10-17T12:21:41 IST" name="stopReport" finished-at="2022-10-17T12:21:41 IST" duration-ms="178" status="PASS">
          <reporter-output>
          </reporter-output>
        </test-method> <!-- stopReport -->
      </class> <!-- redbeltgym.testcases.LoginSuccess -->
    </test> <!-- Test -->
  </suite> <!-- Suite -->
</testng-results>
